
SQL*Loader: Release 21.0.0.0.0 - Production on Thu Apr 25 13:48:41 2024
Version 21.3.0.0.0

Copyright (c) 1982, 2021, Oracle and/or its affiliates.  All rights reserved.

Control File:   E:\univer\DB\lab11\control.ctl
Data File:      E:\univer\DB\lab11\oimp.csv
  Bad File:     E:\univer\DB\lab11\oimp.bad
  Discard File:  none specified
 
 (Allow all discards)

Number to load: ALL
Number to skip: 0
Errors allowed: 50
Bind array:     250 rows, maximum of 1048576 bytes
Continuation:    none specified
Path used:      Conventional

Table ORDERED_SERVICES, loaded from every logical record.
Insert option in effect for this table: APPEND

   Column Name                  Position   Len  Term Encl Datatype
------------------------------ ---------- ----- ---- ---- ---------------------
SERVICE_TYPE_ID                     FIRST     *   ,       CHARACTER            
SERVICE_GUEST_ID                     NEXT     *   ,       CHARACTER            
SERVICE_START_DATE                   NEXT     *   ,       DATE DD/MM/YYYY      
SERVICE_END_DATE                     NEXT     *   ,       DATE DD/MM/YYYY      
SERVICE_PRICE                        NEXT     *   ,       CHARACTER            
    SQL string for column : "ROUND(:service_PRICE,1)"
SERVICE_STATUS                       NEXT     *   ,       CHARACTER            
    SQL string for column : "UPPER(:service_status)"

Record 4: Rejected - Error on table ORDERED_SERVICES, column SERVICE_TYPE_ID.
Column not found before end of logical record (use TRAILING NULLCOLS)

Table ORDERED_SERVICES:
  3 Rows successfully loaded.
  1 Row not loaded due to data errors.
  0 Rows not loaded because all WHEN clauses were failed.
  0 Rows not loaded because all fields were null.


Space allocated for bind array:                 387000 bytes(250 rows)
Read   buffer bytes: 1048576

Total logical records skipped:          0
Total logical records read:             4
Total logical records rejected:         1
Total logical records discarded:        0

Run began on Thu Apr 25 13:48:41 2024
Run ended on Thu Apr 25 13:48:41 2024

Elapsed time was:     00:00:00.32
CPU time was:         00:00:00.09
